# JRE version: OpenJDK Runtime Environment (7.0_85-b01) (build 1.7.0_85-b01)
# Java VM: OpenJDK Zero VM (24.85-b03 mixed mode linux-arm )
Heap
 def new generation   total 2176K, used 949K [0xa2200000, 0xa2440000, 0xa6aa0000)
  eden space 2048K,  40% used [0xa2200000, 0xa22cd540, 0xa2400000)
  from space 128K, 100% used [0xa2420000, 0xa2440000, 0xa2440000)
  to   space 128K,   0% used [0xa2400000, 0xa2400000, 0xa2420000)
 tenured generation   total 4736K, used 1207K [0xa6aa0000, 0xa6f40000, 0xafc00000)
   the space 4736K,  25% used [0xa6aa0000, 0xa6bcdd10, 0xa6bcde00, 0xa6f40000)
 compacting perm gen  total 4608K, used 4363K [0xafc00000, 0xb0080000, 0xb3c00000)
   the space 4608K,  94% used [0xafc00000, 0xb0042f38, 0xb0043000, 0xb0080000)
GC Heap History (6 events):
Event: 5.159 GC heap before
{Heap before GC invocations=0 (full 0):
 def new generation   total 2176K, used 2047K [0xa2200000, 0xa2440000, 0xa6aa0000)
  eden space 2048K,  99% used [0xa2200000, 0xa23ffff8, 0xa2400000)
  from space 128K,   0% used [0xa2400000, 0xa2400000, 0xa2420000)
  to   space 128K,   0% used [0xa2420000, 0xa2420000, 0xa2440000)
 tenured generation   total 4736K, used 0K [0xa6aa0000, 0xa6f40000, 0xafc00000)
   the space 4736K,   0% used [0xa6aa0000, 0xa6aa0000, 0xa6aa0200, 0xa6f40000)
 compacting perm gen  total 4096K, used 2333K [0xafc00000, 0xb0000000, 0xb3c00000)
   the space 4096K,  56% used [0xafc00000, 0xafe47418, 0xafe47600, 0xb0000000)
No shared spaces configured.
Event: 5.251 GC heap after
Heap after GC invocations=1 (full 0):
 def new generation   total 2176K, used 128K [0xa2200000, 0xa2440000, 0xa6aa0000)
  eden space 2048K,   0% used [0xa2200000, 0xa2200000, 0xa2400000)
  from space 128K, 100% used [0xa2420000, 0xa2440000, 0xa2440000)
  to   space 128K,   0% used [0xa2400000, 0xa2400000, 0xa2420000)
 tenured generation   total 4736K, used 464K [0xa6aa0000, 0xa6f40000, 0xafc00000)
   the space 4736K,   9% used [0xa6aa0000, 0xa6b142a8, 0xa6b14400, 0xa6f40000)
 compacting perm gen  total 4096K, used 2333K [0xafc00000, 0xb0000000, 0xb3c00000)
   the space 4096K,  56% used [0xafc00000, 0xafe47418, 0xafe47600, 0xb0000000)
No shared spaces configured.
}
Event: 8.128 GC heap before
{Heap before GC invocations=1 (full 0):
 def new generation   total 2176K, used 2175K [0xa2200000, 0xa2440000, 0xa6aa0000)
  eden space 2048K,  99% used [0xa2200000, 0xa23fffa0, 0xa2400000)
  from space 128K, 100% used [0xa2420000, 0xa2440000, 0xa2440000)
  to   space 128K,   0% used [0xa2400000, 0xa2400000, 0xa2420000)
 tenured generation   total 4736K, used 464K [0xa6aa0000, 0xa6f40000, 0xafc00000)
   the space 4736K,   9% used [0xa6aa0000, 0xa6b142a8, 0xa6b14400, 0xa6f40000)
 compacting perm gen  total 4096K, used 2854K [0xafc00000, 0xb0000000, 0xb3c00000)
   the space 4096K,  69% used [0xafc00000, 0xafec9bb0, 0xafec9c00, 0xb0000000)
No shared spaces configured.
Event: 8.211 GC heap after
Heap after GC invocations=2 (full 0):
 def new generation   total 2176K, used 128K [0xa2200000, 0xa2440000, 0xa6aa0000)
  eden space 2048K,   0% used [0xa2200000, 0xa2200000, 0xa2400000)
  from space 128K, 100% used [0xa2400000, 0xa2420000, 0xa2420000)
  to   space 128K,   0% used [0xa2420000, 0xa2420000, 0xa2440000)
 tenured generation   total 4736K, used 829K [0xa6aa0000, 0xa6f40000, 0xafc00000)
   the space 4736K,  17% used [0xa6aa0000, 0xa6b6f5d8, 0xa6b6f600, 0xa6f40000)
 compacting perm gen  total 4096K, used 2854K [0xafc00000, 0xb0000000, 0xb3c00000)
   the space 4096K,  69% used [0xafc00000, 0xafec9bb0, 0xafec9c00, 0xb0000000)
No shared spaces configured.
}
Event: 11.370 GC heap before
{Heap before GC invocations=2 (full 0):
 def new generation   total 2176K, used 2175K [0xa2200000, 0xa2440000, 0xa6aa0000)
  eden space 2048K,  99% used [0xa2200000, 0xa23fffd8, 0xa2400000)
  from space 128K, 100% used [0xa2400000, 0xa2420000, 0xa2420000)
  to   space 128K,   0% used [0xa2420000, 0xa2420000, 0xa2440000)
 tenured generation   total 4736K, used 829K [0xa6aa0000, 0xa6f40000, 0xafc00000)
   the space 4736K,  17% used [0xa6aa0000, 0xa6b6f5d8, 0xa6b6f600, 0xa6f40000)
 compacting perm gen  total 4096K, used 3878K [0xafc00000, 0xb0000000, 0xb3c00000)
   the space 4096K,  94% used [0xafc00000, 0xaffc9b40, 0xaffc9c00, 0xb0000000)
No shared spaces configured.
Event: 11.462 GC heap after
Heap after GC invocations=3 (full 0):
 def new generation   total 2176K, used 128K [0xa2200000, 0xa2440000, 0xa6aa0000)
  eden space 2048K,   0% used [0xa2200000, 0xa2200000, 0xa2400000)
  from space 128K, 100% used [0xa2420000, 0xa2440000, 0xa2440000)
  to   space 128K,   0% used [0xa2400000, 0xa2400000, 0xa2420000)
 tenured generation   total 4736K, used 1207K [0xa6aa0000, 0xa6f40000, 0xafc00000)
   the space 4736K,  25% used [0xa6aa0000, 0xa6bcdd10, 0xa6bcde00, 0xa6f40000)
 compacting perm gen  total 4096K, used 3878K [0xafc00000, 0xb0000000, 0xb3c00000)
   the space 4096K,  94% used [0xafc00000, 0xaffc9b40, 0xaffc9c00, 0xb0000000)
No shared spaces configured.
}

